\BOOKMARK [1][-]{section.1}{\376\377\004\040\004\065\004\067\004\116\004\074\004\065}{}% 1
\BOOKMARK [2][-]{subsection.1.1}{\376\377\004\046\004\065\004\073\004\114\000\040\004\077\004\100\004\076\004\065\004\072\004\102\004\060}{section.1}% 2
\BOOKMARK [2][-]{subsection.1.2}{\376\377\004\036\004\101\004\075\004\076\004\062\004\075\004\113\004\065\000\040\004\077\004\076\004\072\004\060\004\067\004\060\004\102\004\065\004\073\004\070}{section.1}% 3
\BOOKMARK [1][-]{section.2}{\376\377\004\036\004\077\004\070\004\101\004\060\004\075\004\070\004\065\000\040\004\072\004\076\004\074\004\077\004\060\004\075\004\070\004\070}{}% 4
\BOOKMARK [2][-]{subsection.2.1}{\376\377\004\036\000\040\004\072\004\076\004\074\004\077\004\060\004\075\004\070\004\070}{section.2}% 5
\BOOKMARK [2][-]{subsection.2.2}{\376\377\004\032\004\076\004\074\004\060\004\075\004\064\004\060}{section.2}% 6
\BOOKMARK [1][-]{section.3}{\376\377\004\020\004\075\004\060\004\073\004\070\004\067\000\040\004\100\004\113\004\075\004\072\004\060}{}% 7
\BOOKMARK [2][-]{subsection.3.1}{\376\377\004\036\004\061\004\067\004\076\004\100\000\040\004\076\004\102\004\100\004\060\004\101\004\073\004\070}{section.3}% 8
\BOOKMARK [2][-]{subsection.3.2}{\376\377\004\046\004\065\004\073\004\065\004\062\004\060\004\117\000\040\004\060\004\103\004\064\004\070\004\102\004\076\004\100\004\070\004\117}{section.3}% 9
\BOOKMARK [2][-]{subsection.3.3}{\376\377\004\032\004\076\004\075\004\072\004\103\004\100\004\065\004\075\004\102\004\075\004\113\004\071\000\040\004\060\004\075\004\060\004\073\004\070\004\067}{section.3}% 10
\BOOKMARK [1][-]{section.4}{\376\377\004\037\004\100\004\076\004\064\004\103\004\072\004\106\004\070\004\117\000\040\004\070\000\040\004\103\004\101\004\073\004\103\004\063\004\070}{}% 11
\BOOKMARK [2][-]{subsection.4.1}{\376\377\004\036\004\077\004\070\004\101\004\060\004\075\004\070\004\065\000\040\004\077\004\100\004\076\004\064\004\103\004\072\004\102\004\060}{section.4}% 12
\BOOKMARK [2][-]{subsection.4.2}{\376\377\004\032\004\076\004\075\004\072\004\103\004\100\004\065\004\075\004\102\004\075\004\113\004\065\000\040\004\077\004\100\004\065\004\070\004\074\004\103\004\111\004\065\004\101\004\102\004\062\004\060}{section.4}% 13
\BOOKMARK [1][-]{section.5}{\376\377\004\034\004\060\004\100\004\072\004\065\004\102\004\070\004\075\004\063\004\076\004\062\004\060\004\117\000\040\004\101\004\102\004\100\004\060\004\102\004\065\004\063\004\070\004\117}{}% 14
\BOOKMARK [2][-]{subsection.5.1}{\376\377\004\046\004\065\004\075\004\076\004\076\004\061\004\100\004\060\004\067\004\076\004\062\004\060\004\075\004\070\004\065}{section.5}% 15
\BOOKMARK [2][-]{subsection.5.2}{\376\377\004\032\004\060\004\075\004\060\004\073\004\113\000\040\004\077\004\100\004\076\004\064\004\062\004\070\004\066\004\065\004\075\004\070\004\117}{section.5}% 16
\BOOKMARK [1][-]{section.6}{\376\377\004\044\004\070\004\075\004\060\004\075\004\101\004\076\004\062\004\113\004\071\000\040\004\077\004\073\004\060\004\075}{}% 17
\BOOKMARK [2][-]{subsection.6.1}{\376\377\004\041\004\102\004\060\004\100\004\102\004\076\004\062\004\113\004\065\000\040\004\067\004\060\004\102\004\100\004\060\004\102\004\113}{section.6}% 18
\BOOKMARK [2][-]{subsection.6.2}{\376\377\004\037\004\100\004\076\004\063\004\075\004\076\004\067\000\040\004\064\004\076\004\105\004\076\004\064\004\076\004\062}{section.6}% 19
\BOOKMARK [2][-]{subsection.6.3}{\376\377\004\036\004\072\004\103\004\077\004\060\004\065\004\074\004\076\004\101\004\102\004\114}{section.6}% 20
\BOOKMARK [1][-]{section.7}{\376\377\004\027\004\060\004\072\004\073\004\116\004\107\004\065\004\075\004\070\004\065}{}% 21
